<?xml version="1.0" encoding="UTF-8"?>
<testng-results ignored="0" total="1" passed="1" failed="0" skipped="0">
  <reporter-output>
    <line>
      <![CDATA[Browser setup is done]]>
    </line>
    <line>
      <![CDATA[Login successfully]]>
    </line>
    <line>
      <![CDATA[Keerthi]]>
    </line>
    <line>
      <![CDATA[keerthi]]>
    </line>
    <line>
      <![CDATA[spandana]]>
    </line>
    <line>
      <![CDATA[ 507166]]>
    </line>
    <line>
      <![CDATA[Logout is done]]>
    </line>
  </reporter-output>
  <suite started-at="2025-07-31T10:59:31 IST" name="RegressionSuite" finished-at="2025-07-31T10:59:37 IST" duration-ms="6395">
    <groups>
      <group name="RT">
        <method signature="Example1Test.orderProducts(java.lang.String,java.lang.String,java.lang.String)[pri:1, instance:producttest.Example1Test@77f80c04]" name="orderProducts" class="producttest.Example1Test"/>
      </group> <!-- RT -->
    </groups>
    <test started-at="2025-07-31T10:59:31 IST" name="Test" finished-at="2025-07-31T10:59:37 IST" duration-ms="6395">
      <class name="producttest.Example1Test">
        <test-method is-config="true" signature="ReporterSetup()[pri:0, instance:producttest.Example1Test@77f80c04]" started-at="2025-07-31T10:59:31 IST" name="ReporterSetup" finished-at="2025-07-31T10:59:31 IST" duration-ms="183" status="PASS">
          <reporter-output>
          </reporter-output>
        </test-method> <!-- ReporterSetup -->
        <test-method is-config="true" signature="browserSetup(java.lang.String)[pri:0, instance:producttest.Example1Test@77f80c04]" started-at="2025-07-31T10:59:31 IST" name="browserSetup" finished-at="2025-07-31T10:59:34 IST" duration-ms="2392" status="PASS">
          <params>
            <param index="0">
              <value>
                <![CDATA[Chrome]]>
              </value>
            </param>
          </params>
          <reporter-output>
            <line>
              <![CDATA[Browser setup is done]]>
            </line>
          </reporter-output>
        </test-method> <!-- browserSetup -->
        <test-method is-config="true" signature="LogIn()[pri:0, instance:producttest.Example1Test@77f80c04]" started-at="2025-07-31T10:59:34 IST" name="LogIn" finished-at="2025-07-31T10:59:35 IST" duration-ms="319" status="PASS">
          <reporter-output>
            <line>
              <![CDATA[Login successfully]]>
            </line>
          </reporter-output>
        </test-method> <!-- LogIn -->
        <test-method signature="orderProducts(java.lang.String,java.lang.String,java.lang.String)[pri:1, instance:producttest.Example1Test@77f80c04]" started-at="2025-07-31T10:59:35 IST" name="orderProducts" data-provider="CheckoutInfo" finished-at="2025-07-31T10:59:36 IST" duration-ms="1633" status="PASS">
          <params>
            <param index="0">
              <value>
                <![CDATA[keerthi]]>
              </value>
            </param>
            <param index="1">
              <value>
                <![CDATA[spandana]]>
              </value>
            </param>
            <param index="2">
              <value>
                <![CDATA[ 507166]]>
              </value>
            </param>
          </params>
          <reporter-output>
            <line>
              <![CDATA[Keerthi]]>
            </line>
            <line>
              <![CDATA[keerthi]]>
            </line>
            <line>
              <![CDATA[spandana]]>
            </line>
            <line>
              <![CDATA[ 507166]]>
            </line>
          </reporter-output>
        </test-method> <!-- orderProducts -->
        <test-method is-config="true" signature="Logout()[pri:0, instance:producttest.Example1Test@77f80c04]" started-at="2025-07-31T10:59:36 IST" name="Logout" finished-at="2025-07-31T10:59:36 IST" duration-ms="224" status="PASS">
          <reporter-output>
            <line>
              <![CDATA[Logout is done]]>
            </line>
          </reporter-output>
        </test-method> <!-- Logout -->
        <test-method is-config="true" signature="broserTerminate()[pri:0, instance:producttest.Example1Test@77f80c04]" started-at="2025-07-31T10:59:36 IST" name="broserTerminate" finished-at="2025-07-31T10:59:37 IST" duration-ms="584" status="PASS">
          <reporter-output>
          </reporter-output>
        </test-method> <!-- broserTerminate -->
        <test-method is-config="true" signature="ReportTerminate()[pri:0, instance:producttest.Example1Test@77f80c04]" started-at="2025-07-31T10:59:37 IST" name="ReportTerminate" finished-at="2025-07-31T10:59:37 IST" duration-ms="277" status="PASS">
          <reporter-output>
          </reporter-output>
        </test-method> <!-- ReportTerminate -->
      </class> <!-- producttest.Example1Test -->
    </test> <!-- Test -->
  </suite> <!-- RegressionSuite -->
</testng-results>
